[23Feb2024 11:19:31.342] [main/INFO] [cpw.mods.modlauncher.Launcher/MODLAUNCHER]: ModLauncher running: args [--launchTarget, forgeclientuserdev, --version, 20.4.155-beta, --assetIndex, asset-index, --assetsDir, C:\Users\Adam\.gradle\caches\minecraft\assets\1.20.4, --gameDir, ., --fml.neoForgeVersion, 20.4.155-beta, --fml.fmlVersion, 2.0.11, --fml.mcVersion, 1.20.4, --fml.neoFormVersion, 20231207.154220]
[23Feb2024 11:19:31.357] [main/INFO] [cpw.mods.modlauncher.Launcher/MODLAUNCHER]: ModLauncher 10.0.9+10.0.9+main.dcd20f30 starting: java version 17.0.1 by Oracle Corporation; OS Windows 10 arch amd64 version 10.0
[23Feb2024 11:19:31.585] [main/INFO] [net.neoforged.fml.loading.ImmediateWindowHandler/]: Loading ImmediateWindowProvider fmlearlywindow
[23Feb2024 11:19:31.709] [main/INFO] [EARLYDISPLAY/]: Trying GL version 4.6
[23Feb2024 11:19:31.971] [main/INFO] [EARLYDISPLAY/]: Requested GL version 4.6 got version 4.6
[23Feb2024 11:19:32.063] [main/INFO] [mixin/]: SpongePowered MIXIN Subsystem Version=0.8.5 Source=union:/C:/Users/Adam/.gradle/caches/modules-2/files-2.1/org.spongepowered/mixin/0.8.5/9d1c0c3a304ae6697ecd477218fa61b850bf57fc/mixin-0.8.5.jar%23183!/ Service=ModLauncher Env=CLIENT
[23Feb2024 11:19:32.148] [pool-2-thread-1/INFO] [EARLYDISPLAY/]: GL info: NVIDIA GeForce RTX 2060/PCIe/SSE2 GL version 4.6.0 NVIDIA 551.61, NVIDIA Corporation
[23Feb2024 11:19:32.372] [main/ERROR] [net.neoforged.fml.loading.moddiscovery.ModInfo/]: Mod 'moresnifferflowers' uses deprecated 'mandatory' field in the dependency declaration for 'neoforge'. Use the 'type' field and 'required'/'optional' instead
[23Feb2024 11:19:32.373] [main/ERROR] [net.neoforged.fml.loading.moddiscovery.ModDiscoverer/SCAN]: Locator net.neoforged.fml.loading.moddiscovery.MinecraftLocator@3b809711 found an invalid mod file net.neoforged.fml.loading.moddiscovery.ModFileInfo@75699e35
net.neoforged.fml.loading.moddiscovery.InvalidModFileException: Deprecated 'mandatory' field is used in dependency (main)
	at net.neoforged.fml.loading.moddiscovery.ModInfo$ModVersion.lambda$new$2(ModInfo.java:228) ~[loader-2.0.11.jar:2.0]
	at java.util.Optional.orElseGet(Optional.java:364) ~[?:?]
	at net.neoforged.fml.loading.moddiscovery.ModInfo$ModVersion.<init>(ModInfo.java:221) ~[loader-2.0.11.jar:2.0]
	at net.neoforged.fml.loading.moddiscovery.ModInfo.lambda$new$8(ModInfo.java:102) ~[loader-2.0.11.jar:2.0]
	at java.util.stream.ReferencePipeline$3$1.accept(ReferencePipeline.java:197) ~[?:?]
	at java.util.ArrayList$ArrayListSpliterator.forEachRemaining(ArrayList.java:1625) ~[?:?]
	at java.util.stream.AbstractPipeline.copyInto(AbstractPipeline.java:509) ~[?:?]
	at java.util.stream.AbstractPipeline.wrapAndCopyInto(AbstractPipeline.java:499) ~[?:?]
	at java.util.stream.AbstractPipeline.evaluate(AbstractPipeline.java:575) ~[?:?]
	at java.util.stream.AbstractPipeline.evaluateToArrayNode(AbstractPipeline.java:260) ~[?:?]
	at java.util.stream.ReferencePipeline.toArray(ReferencePipeline.java:616) ~[?:?]
	at java.util.stream.ReferencePipeline.toArray(ReferencePipeline.java:622) ~[?:?]
	at java.util.stream.ReferencePipeline.toList(ReferencePipeline.java:627) ~[?:?]
	at net.neoforged.fml.loading.moddiscovery.ModInfo.<init>(ModInfo.java:103) ~[loader-2.0.11.jar:2.0]
	at net.neoforged.fml.loading.moddiscovery.ModFileInfo.lambda$new$2(ModFileInfo.java:88) ~[loader-2.0.11.jar:2.0]
	at java.util.stream.ReferencePipeline$3$1.accept(ReferencePipeline.java:197) ~[?:?]
	at java.util.ArrayList$ArrayListSpliterator.forEachRemaining(ArrayList.java:1625) ~[?:?]
	at java.util.stream.AbstractPipeline.copyInto(AbstractPipeline.java:509) ~[?:?]
	at java.util.stream.AbstractPipeline.wrapAndCopyInto(AbstractPipeline.java:499) ~[?:?]
	at java.util.stream.AbstractPipeline.evaluate(AbstractPipeline.java:575) ~[?:?]
	at java.util.stream.AbstractPipeline.evaluateToArrayNode(AbstractPipeline.java:260) ~[?:?]
	at java.util.stream.ReferencePipeline.toArray(ReferencePipeline.java:616) ~[?:?]
	at java.util.stream.ReferencePipeline.toArray(ReferencePipeline.java:622) ~[?:?]
	at java.util.stream.ReferencePipeline.toList(ReferencePipeline.java:627) ~[?:?]
	at net.neoforged.fml.loading.moddiscovery.ModFileInfo.<init>(ModFileInfo.java:89) ~[loader-2.0.11.jar:2.0]
	at net.neoforged.fml.loading.moddiscovery.ModFileParser.modsTomlParser(ModFileParser.java:47) ~[loader-2.0.11.jar:2.0]
	at net.neoforged.fml.loading.moddiscovery.ModFileParser.readModList(ModFileParser.java:31) ~[loader-2.0.11.jar:2.0]
	at net.neoforged.fml.loading.moddiscovery.ModFile.<init>(ModFile.java:72) ~[loader-2.0.11.jar:2.0]
	at net.neoforged.fml.loading.moddiscovery.ModFile.<init>(ModFile.java:61) ~[loader-2.0.11.jar:2.0]
	at net.neoforged.fml.loading.moddiscovery.AbstractModProvider.createMod(AbstractModProvider.java:48) ~[loader-2.0.11.jar:2.0]
	at net.neoforged.fml.loading.moddiscovery.MinecraftLocator.lambda$scanMods$4(MinecraftLocator.java:51) ~[loader-2.0.11.jar:2.0]
	at java.util.stream.ReferencePipeline$3$1.accept(ReferencePipeline.java:197) ~[?:?]
	at java.util.AbstractList$RandomAccessSpliterator.forEachRemaining(AbstractList.java:720) ~[?:?]
	at java.util.stream.AbstractPipeline.copyInto(AbstractPipeline.java:509) ~[?:?]
	at java.util.stream.AbstractPipeline.wrapAndCopyInto(AbstractPipeline.java:499) ~[?:?]
	at java.util.stream.StreamSpliterators$WrappingSpliterator.forEachRemaining(StreamSpliterators.java:310) ~[?:?]
	at java.util.stream.Streams$ConcatSpliterator.forEachRemaining(Streams.java:735) ~[?:?]
	at java.util.stream.AbstractPipeline.copyInto(AbstractPipeline.java:509) ~[?:?]
	at java.util.stream.AbstractPipeline.wrapAndCopyInto(AbstractPipeline.java:499) ~[?:?]
	at java.util.stream.AbstractPipeline.evaluate(AbstractPipeline.java:575) ~[?:?]
	at java.util.stream.AbstractPipeline.evaluateToArrayNode(AbstractPipeline.java:260) ~[?:?]
	at java.util.stream.ReferencePipeline.toArray(ReferencePipeline.java:616) ~[?:?]
	at java.util.stream.ReferencePipeline.toArray(ReferencePipeline.java:622) ~[?:?]
	at java.util.stream.ReferencePipeline.toList(ReferencePipeline.java:627) ~[?:?]
	at net.neoforged.fml.loading.moddiscovery.MinecraftLocator.scanMods(MinecraftLocator.java:55) ~[loader-2.0.11.jar:2.0]
	at net.neoforged.fml.loading.moddiscovery.ModDiscoverer.discoverMods(ModDiscoverer.java:75) ~[loader-2.0.11.jar:2.0]
	at net.neoforged.fml.loading.FMLLoader.beginModScan(FMLLoader.java:155) ~[loader-2.0.11.jar:2.0]
	at net.neoforged.fml.loading.FMLServiceProvider.beginScanning(FMLServiceProvider.java:88) ~[loader-2.0.11.jar:2.0]
	at cpw.mods.modlauncher.TransformationServiceDecorator.runScan(TransformationServiceDecorator.java:112) ~[modlauncher-10.0.9.jar:?]
	at cpw.mods.modlauncher.TransformationServicesHandler.lambda$runScanningTransformationServices$8(TransformationServicesHandler.java:100) ~[modlauncher-10.0.9.jar:?]
	at java.util.stream.ReferencePipeline$3$1.accept(ReferencePipeline.java:197) ~[?:?]
	at java.util.HashMap$ValueSpliterator.forEachRemaining(HashMap.java:1779) ~[?:?]
	at java.util.stream.AbstractPipeline.copyInto(AbstractPipeline.java:509) ~[?:?]
	at java.util.stream.AbstractPipeline.wrapAndCopyInto(AbstractPipeline.java:499) ~[?:?]
	at java.util.stream.AbstractPipeline.evaluate(AbstractPipeline.java:575) ~[?:?]
	at java.util.stream.AbstractPipeline.evaluateToArrayNode(AbstractPipeline.java:260) ~[?:?]
	at java.util.stream.ReferencePipeline.toArray(ReferencePipeline.java:616) ~[?:?]
	at java.util.stream.ReferencePipeline.toArray(ReferencePipeline.java:622) ~[?:?]
	at java.util.stream.ReferencePipeline.toList(ReferencePipeline.java:627) ~[?:?]
	at cpw.mods.modlauncher.TransformationServicesHandler.runScanningTransformationServices(TransformationServicesHandler.java:102) ~[modlauncher-10.0.9.jar:?]
	at cpw.mods.modlauncher.TransformationServicesHandler.initializeTransformationServices(TransformationServicesHandler.java:55) ~[modlauncher-10.0.9.jar:?]
	at cpw.mods.modlauncher.Launcher.run(Launcher.java:88) ~[modlauncher-10.0.9.jar:?]
	at cpw.mods.modlauncher.Launcher.main(Launcher.java:78) ~[modlauncher-10.0.9.jar:?]
	at cpw.mods.modlauncher.BootstrapLaunchConsumer.accept(BootstrapLaunchConsumer.java:26) ~[modlauncher-10.0.9.jar:?]
	at cpw.mods.modlauncher.BootstrapLaunchConsumer.accept(BootstrapLaunchConsumer.java:23) ~[modlauncher-10.0.9.jar:?]
	at cpw.mods.bootstraplauncher.BootstrapLauncher.main(BootstrapLauncher.java:141) ~[bootstraplauncher-1.1.2.jar:?]
[23Feb2024 11:19:32.468] [main/INFO] [net.neoforged.fml.loading.moddiscovery.JarInJarDependencyLocator/]: No dependencies to load found. Skipping!
